<?xml version="1.0" encoding="UTF-8"?>
<!-- Generated by org.testng.reporters.JUnitReportReporter -->
<testsuite hostname="Quantiphi-1070" name="com.testcases.TC001_Get_All_Employees" tests="8" failures="0" timestamp="28 Sep 2021 05:40:54 GMT" time="0.022" errors="0">
  <testcase name="checkStatusLine" time="0.001" classname="com.testcases.TC001_Get_All_Employees"/>
  <testcase name="checkContentType" time="0.000" classname="com.testcases.TC001_Get_All_Employees"/>
  <testcase name="checkServerType" time="0.000" classname="com.testcases.TC001_Get_All_Employees"/>
  <testcase name="checkStatusCode" time="0.001" classname="com.testcases.TC001_Get_All_Employees"/>
  <testcase name="checkContentCoding" time="0.005" classname="com.testcases.TC001_Get_All_Employees"/>
  <testcase name="checkResponseBody" time="0.014" classname="com.testcases.TC001_Get_All_Employees"/>
  <testcase name="checkCookies" time="0.001" classname="com.testcases.TC001_Get_All_Employees"/>
  <testcase name="checkResponseTime" time="0.000" classname="com.testcases.TC001_Get_All_Employees"/>
</testsuite> <!-- com.testcases.TC001_Get_All_Employees -->
