<?xml version="1.0" encoding="UTF-8"?>
<!-- Generated by org.testng.reporters.JUnitReportReporter -->
<testsuite hostname="Quantiphi-1070" name="APITesting.TC002_POST_CreateUsers" tests="1" failures="0" timestamp="16 Sep 2021 07:13:55 GMT" time="2.637" errors="0">
  <testcase name="createUser" time="2.637" classname="APITesting.TC002_POST_CreateUsers"/>
</testsuite> <!-- APITesting.TC002_POST_CreateUsers -->
