<?xml version="1.0" encoding="UTF-8"?>
<!-- Generated by org.testng.reporters.JUnitReportReporter -->
<testsuite hostname="Quantiphi-1070" name="APITesting.TC005_Get_ValidatingJSONBody" tests="1" failures="0" timestamp="22 Sep 2021 09:45:17 GMT" time="4.548" errors="0">
  <testcase name="validateResponseBody" time="4.548" classname="APITesting.TC005_Get_ValidatingJSONBody"/>
</testsuite> <!-- APITesting.TC005_Get_ValidatingJSONBody -->
