<?xml version="1.0" encoding="UTF-8"?>
<!-- Generated by org.testng.reporters.JUnitReportReporter -->
<testsuite hostname="Quantiphi-1070" name="APITesting.TC005_Get_ValidatingAllNodesJSONBody" tests="1" failures="0" timestamp="22 Sep 2021 09:43:30 GMT" time="7.725" errors="0">
  <testcase name="validateResponseBody" time="7.725" classname="APITesting.TC005_Get_ValidatingAllNodesJSONBody"/>
</testsuite> <!-- APITesting.TC005_Get_ValidatingAllNodesJSONBody -->
