<?xml version="1.0" encoding="UTF-8"?>
<!-- Generated by org.testng.reporters.JUnitReportReporter -->
<testsuite hostname="Quantiphi-1070" name="com.testcases.TC001_Get_All_Users" tests="8" failures="0" timestamp="30 Sep 2021 06:29:41 GMT" time="0.038" errors="0">
  <testcase name="checkResponseBody" time="0.018" classname="com.testcases.TC001_Get_All_Users"/>
  <testcase name="checkCookies" time="0.002" classname="com.testcases.TC001_Get_All_Users"/>
  <testcase name="checkServerType" time="0.001" classname="com.testcases.TC001_Get_All_Users"/>
  <testcase name="checkContentCoding" time="0.015" classname="com.testcases.TC001_Get_All_Users"/>
  <testcase name="checkStatusLine" time="0.000" classname="com.testcases.TC001_Get_All_Users"/>
  <testcase name="checkResponseTime" time="0.001" classname="com.testcases.TC001_Get_All_Users"/>
  <testcase name="checkStatusCode" time="0.000" classname="com.testcases.TC001_Get_All_Users"/>
  <testcase name="checkContentType" time="0.001" classname="com.testcases.TC001_Get_All_Users"/>
</testsuite> <!-- com.testcases.TC001_Get_All_Users -->
