<?xml version="1.0" encoding="UTF-8"?>
<!-- Generated by org.testng.reporters.JUnitReportReporter -->
<testsuite hostname="Quantiphi-1070" name="TC001_GET_Request" tests="1" failures="0" timestamp="27 Jul 2021 05:41:54 GMT" time="2.660" errors="0">
  <testcase name="getSingleUser" time="2.660" classname="TC001_GET_Request"/>
</testsuite> <!-- TC001_GET_Request -->
