<?xml version="1.0" encoding="UTF-8"?>
<!-- Generated by org.testng.reporters.JUnitReportReporter -->
<testsuite hostname="Quantiphi-1070" name="com.testcases.TC004_Update_User" tests="6" failures="0" timestamp="30 Sep 2021 06:29:41 GMT" time="0.011" errors="0">
  <testcase name="checkServerType" time="0.001" classname="com.testcases.TC004_Update_User"/>
  <testcase name="checkStatusLine" time="0.001" classname="com.testcases.TC004_Update_User"/>
  <testcase name="checkContentType" time="0.001" classname="com.testcases.TC004_Update_User"/>
  <testcase name="checkContentCoding" time="0.003" classname="com.testcases.TC004_Update_User"/>
  <testcase name="checkResponseBody" time="0.002" classname="com.testcases.TC004_Update_User"/>
  <testcase name="checkStatusCode" time="0.003" classname="com.testcases.TC004_Update_User"/>
</testsuite> <!-- com.testcases.TC004_Update_User -->
