<?xml version="1.0" encoding="UTF-8"?>
<!-- Generated by org.testng.reporters.JUnitReportReporter -->
<testsuite hostname="Quantiphi-1070" name="APITesting.TC001_GET_Request" tests="1" failures="0" timestamp="4 Aug 2021 02:57:14 GMT" time="17.416" errors="0">
  <testcase name="getSingleUser" time="17.416" classname="APITesting.TC001_GET_Request"/>
</testsuite> <!-- APITesting.TC001_GET_Request -->
