<?xml version="1.0" encoding="UTF-8"?>
<!-- Generated by org.testng.reporters.JUnitReportReporter -->
<testsuite hostname="Quantiphi-1070" name="com.testcases.TC003_Create_New_User" tests="5" failures="0" timestamp="28 Sep 2021 10:36:00 GMT" time="0.060" errors="0">
  <testcase name="checkStatusCode" time="0.002" classname="com.testcases.TC003_Create_New_User"/>
  <testcase name="checkResponseBody" time="0.033" classname="com.testcases.TC003_Create_New_User"/>
  <testcase name="checkStatusLine" time="0.002" classname="com.testcases.TC003_Create_New_User"/>
  <testcase name="checkServerType" time="0.003" classname="com.testcases.TC003_Create_New_User"/>
  <testcase name="checkContentType" time="0.020" classname="com.testcases.TC003_Create_New_User"/>
</testsuite> <!-- com.testcases.TC003_Create_New_User -->
