<?xml version="1.0" encoding="UTF-8"?>
<!-- Generated by org.testng.reporters.JUnitReportReporter -->
<testsuite hostname="Quantiphi-1070" name="com.testcases.TC005_Delete_Created_User" tests="3" failures="0" timestamp="30 Sep 2021 06:29:41 GMT" time="0.006" errors="0">
  <testcase name="checkStatusLine" time="0.002" classname="com.testcases.TC005_Delete_Created_User"/>
  <testcase name="checkServerType" time="0.002" classname="com.testcases.TC005_Delete_Created_User"/>
  <testcase name="checkStatusCode" time="0.002" classname="com.testcases.TC005_Delete_Created_User"/>
</testsuite> <!-- com.testcases.TC005_Delete_Created_User -->
