<?xml version="1.0" encoding="UTF-8"?>
<!-- Generated by org.testng.reporters.JUnitReportReporter -->
<testsuite hostname="Quantiphi-1070" name="APITesting.TC006_DataDriven_Test" tests="3" failures="0" timestamp="23 Sep 2021 03:15:33 GMT" time="4.430" errors="0">
  <testcase name="DataDriven" time="0.664" classname="APITesting.TC006_DataDriven_Test"/>
  <testcase name="DataDriven" time="3.086" classname="APITesting.TC006_DataDriven_Test"/>
  <testcase name="DataDriven" time="0.680" classname="APITesting.TC006_DataDriven_Test"/>
</testsuite> <!-- APITesting.TC006_DataDriven_Test -->
