<?xml version="1.0" encoding="UTF-8"?>
<!-- Generated by org.testng.reporters.JUnitReportReporter -->
<testsuite hostname="Quantiphi-1070" name="APITesting.TC001_GET_DelayedUser" tests="1" failures="0" timestamp="4 Aug 2021 03:36:25 GMT" time="6.248" errors="0">
  <testcase name="getSingleUser" time="6.248" classname="APITesting.TC001_GET_DelayedUser"/>
</testsuite> <!-- APITesting.TC001_GET_DelayedUser -->
