<?xml version="1.0" encoding="UTF-8"?>
<!-- Generated by org.testng.reporters.JUnitReportReporter -->
<testsuite hostname="Quantiphi-1070" name="APITesting.TC004_GET_Header" tests="1" failures="0" timestamp="17 Sep 2021 07:12:45 GMT" time="4.652" errors="0">
  <testcase name="getHeaders" time="4.652" classname="APITesting.TC004_GET_Header"/>
</testsuite> <!-- APITesting.TC004_GET_Header -->
