<?xml version="1.0" encoding="UTF-8"?>
<!-- Generated by org.testng.reporters.JUnitReportReporter -->
<testsuite hostname="Quantiphi-1070" name="com.testcases.TC003_POST_Create_New_User" tests="5" failures="0" timestamp="30 Sep 2021 06:29:41 GMT" time="0.010" errors="0">
  <testcase name="checkResponseBody" time="0.002" classname="com.testcases.TC003_POST_Create_New_User"/>
  <testcase name="checkStatusLine" time="0.002" classname="com.testcases.TC003_POST_Create_New_User"/>
  <testcase name="checkStatusCode" time="0.002" classname="com.testcases.TC003_POST_Create_New_User"/>
  <testcase name="checkServerType" time="0.002" classname="com.testcases.TC003_POST_Create_New_User"/>
  <testcase name="checkContentType" time="0.002" classname="com.testcases.TC003_POST_Create_New_User"/>
</testsuite> <!-- com.testcases.TC003_POST_Create_New_User -->
