<?xml version="1.0" encoding="UTF-8"?>
<!-- Generated by org.testng.reporters.JUnitReportReporter -->
<testsuite hostname="Quantiphi-1070" name="APITesting.TC003_GET_UserList" tests="1" failures="0" timestamp="4 Aug 2021 03:54:25 GMT" time="2.629" errors="0">
  <testcase name="getSingleUser" time="2.629" classname="APITesting.TC003_GET_UserList"/>
</testsuite> <!-- APITesting.TC003_GET_UserList -->
