<?xml version="1.0" encoding="UTF-8"?>
<!-- Generated by org.testng.reporters.JUnitReportReporter -->
<testsuite skipped="0" hostname="Quantiphi-1070" name="com.testcases.TC004_Update_User" tests="6" failures="0" timestamp="2021-09-30T13:29:38 IST" time="0.000" errors="0">
  <testcase name="checkContentCoding" time="0.000" classname="com.testcases.TC004_Update_User"/>
  <system-out/>
  <testcase name="checkStatusCode" time="0.000" classname="com.testcases.TC004_Update_User"/>
  <system-out/>
  <testcase name="checkResponseBody" time="0.000" classname="com.testcases.TC004_Update_User"/>
  <system-out/>
  <testcase name="checkContentType" time="0.000" classname="com.testcases.TC004_Update_User"/>
  <system-out/>
  <testcase name="checkStatusLine" time="0.000" classname="com.testcases.TC004_Update_User"/>
  <system-out/>
  <testcase name="checkServerType" time="0.000" classname="com.testcases.TC004_Update_User"/>
  <system-out/>
</testsuite> <!-- com.testcases.TC004_Update_User -->
