<?xml version="1.0" encoding="UTF-8"?>
<!-- Generated by org.testng.reporters.JUnitReportReporter -->
<testsuite skipped="0" hostname="Quantiphi-1070" name="com.testcases.TC002_Get_Single_User" tests="6" failures="0" timestamp="2021-09-30T13:29:38 IST" time="0.010" errors="0">
  <testcase name="checkResponseBody" time="0.003" classname="com.testcases.TC002_Get_Single_User"/>
  <system-out/>
  <testcase name="checkContentCoding" time="0.001" classname="com.testcases.TC002_Get_Single_User"/>
  <system-out/>
  <testcase name="checkServerType" time="0.002" classname="com.testcases.TC002_Get_Single_User"/>
  <system-out/>
  <testcase name="checkStatusCode" time="0.002" classname="com.testcases.TC002_Get_Single_User"/>
  <system-out/>
  <testcase name="checkContentType" time="0.001" classname="com.testcases.TC002_Get_Single_User"/>
  <system-out/>
  <testcase name="checkStatusLine" time="0.001" classname="com.testcases.TC002_Get_Single_User"/>
  <system-out/>
</testsuite> <!-- com.testcases.TC002_Get_Single_User -->
