<?xml version="1.0" encoding="UTF-8"?>
<!-- Generated by org.testng.reporters.JUnitReportReporter -->
<testsuite skipped="0" hostname="Quantiphi-1070" name="com.testcases.TC005_Delete_Created_User" tests="3" failures="0" timestamp="2021-09-30T13:29:38 IST" time="0.005" errors="0">
  <testcase name="checkStatusLine" time="0.001" classname="com.testcases.TC005_Delete_Created_User"/>
  <system-out/>
  <testcase name="checkServerType" time="0.002" classname="com.testcases.TC005_Delete_Created_User"/>
  <system-out/>
  <testcase name="checkStatusCode" time="0.002" classname="com.testcases.TC005_Delete_Created_User"/>
  <system-out/>
</testsuite> <!-- com.testcases.TC005_Delete_Created_User -->
